<?xml version="1.0" encoding="UTF-8"?>
<testsuite name="CartTest" tests="4" skipped="0" failures="0" errors="0" timestamp="2021-06-09T19:53:22" hostname="DESKTOP-1J6HPMQ" time="0.019">
  <properties/>
  <testcase name="buy2_get_90_percent_discount()" classname="CartTest" time="0.015"/>
  <testcase name="buy2_vip_get_72_percent_discount()" classname="CartTest" time="0.001"/>
  <testcase name="buy1_vip_get_80_percent_discount()" classname="CartTest" time="0.001"/>
  <testcase name="buy1()" classname="CartTest" time="0.0"/>
  <system-out><![CDATA[]]></system-out>
  <system-err><![CDATA[]]></system-err>
</testsuite>
